<?xml version="1.0" encoding="UTF-8"?>
<!-- Generated by org.testng.reporters.JUnitReportReporter -->
<testsuite skipped="0" hostname="BACD-PC" name="com.git.NewTest" tests="2" failures="0" timestamp="19 May 2019 08:18:57 GMT" time="4.264" errors="0">
  <testcase name="launch_Application" time="1.549" classname="com.git.NewTest"/>
  <testcase name="search_Keyword" time="2.715" classname="com.git.NewTest"/>
</testsuite> <!-- com.git.NewTest -->
